[2023-02-03T07:19:19.927+0200] {taskinstance.py:1083} INFO - Dependencies all met for <TaskInstance: railway_v02.etl_pipeline scheduled__2023-01-15T00:00:00+00:00 [queued]>
[2023-02-03T07:19:19.936+0200] {taskinstance.py:1083} INFO - Dependencies all met for <TaskInstance: railway_v02.etl_pipeline scheduled__2023-01-15T00:00:00+00:00 [queued]>
[2023-02-03T07:19:19.936+0200] {taskinstance.py:1279} INFO - 
--------------------------------------------------------------------------------
[2023-02-03T07:19:19.936+0200] {taskinstance.py:1280} INFO - Starting attempt 6 of 6
[2023-02-03T07:19:19.937+0200] {taskinstance.py:1281} INFO - 
--------------------------------------------------------------------------------
[2023-02-03T07:19:19.945+0200] {taskinstance.py:1300} INFO - Executing <Task(_PythonDecoratedOperator): etl_pipeline> on 2023-01-15 00:00:00+00:00
[2023-02-03T07:19:19.951+0200] {standard_task_runner.py:55} INFO - Started process 56248 to run task
[2023-02-03T07:19:19.956+0200] {standard_task_runner.py:82} INFO - Running: ['airflow', 'tasks', 'run', 'railway_v02', 'etl_pipeline', 'scheduled__2023-01-15T00:00:00+00:00', '--job-id', '633', '--raw', '--subdir', 'DAGS_FOLDER/fetching_api.py', '--cfg-path', '/var/folders/qr/k2__dmk5697g2jyd7w2tpyt80000gn/T/tmp1lrb_h6v']
[2023-02-03T07:19:19.958+0200] {standard_task_runner.py:83} INFO - Job 633: Subtask etl_pipeline
[2023-02-03T07:19:20.015+0200] {task_command.py:388} INFO - Running <TaskInstance: railway_v02.etl_pipeline scheduled__2023-01-15T00:00:00+00:00 [running]> on host nhanchaus-macbook-air.local
[2023-02-03T07:19:20.072+0200] {taskinstance.py:1507} INFO - Exporting the following env vars:
AIRFLOW_CTX_DAG_OWNER=Nhan_Chau
AIRFLOW_CTX_DAG_ID=railway_v02
AIRFLOW_CTX_TASK_ID=etl_pipeline
AIRFLOW_CTX_EXECUTION_DATE=2023-01-15T00:00:00+00:00
AIRFLOW_CTX_TRY_NUMBER=6
AIRFLOW_CTX_DAG_RUN_ID=scheduled__2023-01-15T00:00:00+00:00
[2023-02-03T07:19:44.835+0200] {taskinstance.py:1768} ERROR - Task failed with exception
Traceback (most recent call last):
  File "/Library/Frameworks/Python.framework/Versions/3.10/lib/python3.10/site-packages/airflow/decorators/base.py", line 217, in execute
    return_value = super().execute(context)
  File "/Library/Frameworks/Python.framework/Versions/3.10/lib/python3.10/site-packages/airflow/operators/python.py", line 175, in execute
    return_value = self.execute_callable()
  File "/Library/Frameworks/Python.framework/Versions/3.10/lib/python3.10/site-packages/airflow/operators/python.py", line 192, in execute_callable
    return self.python_callable(*self.op_args, **self.op_kwargs)
  File "/Users/nhanchau/gitRepo/Raiway_with_AIrflow/dags/fetching_api.py", line 107, in etl_pipeline
    SparkSession.stop()
TypeError: SparkSession.stop() missing 1 required positional argument: 'self'
[2023-02-03T07:19:44.859+0200] {taskinstance.py:1318} INFO - Marking task as FAILED. dag_id=railway_v02, task_id=etl_pipeline, execution_date=20230115T000000, start_date=20230203T051919, end_date=20230203T051944
[2023-02-03T07:19:44.875+0200] {standard_task_runner.py:100} ERROR - Failed to execute job 633 for task etl_pipeline (SparkSession.stop() missing 1 required positional argument: 'self'; 56248)
[2023-02-03T07:19:44.923+0200] {local_task_job.py:208} INFO - Task exited with return code 1
[2023-02-03T07:19:44.956+0200] {taskinstance.py:2578} INFO - 0 downstream tasks scheduled from follow-on schedule check
